"Task Aware Debugger for GDB" version 11.10.0 (202404041456)
Copyright 2016-2023 NXP
==================================
09:35:59.637 INFO: [ZephyrRTOS] .config file could not be read [C:\Users\estudiante\Documents\EmbebidosUTN\curso-lse\workspace_lpc845\05_display_controller\Debug\.config (El sistema no puede encontrar el archivo especificado)]
09:35:59.638 INFO: [TadModel] DSF session ID 9 has started.
09:36:09.626 INFO: [TadState] TAD state changed: DEBUG_STARTED -> DEBUG_INIT_0 (RESUMED, USER_REQUEST)
09:36:09.656 INFO: [TadState] TAD state changed: DEBUG_INIT_0 -> DEBUG_INIT_1 (SUSPENDED, SIGNAL)
09:36:11.648 INFO: [TadState] TAD state changed: DEBUG_INIT_1 -> DEBUG_SUSPENDED (RESUMED, USER_REQUEST)
09:36:11.761 INFO: [TadState] TAD state changed: DEBUG_SUSPENDED -> DEBUG_SUSPENDED (SUSPENDED, BREAKPOINT)
09:36:15.65 INFO: [TadState] TAD state changed: DEBUG_SUSPENDED -> DEBUG_RESUMED (RESUMED, USER_REQUEST)
09:36:15.223 INFO: [TadState] TAD state changed: DEBUG_RESUMED -> READY (SUSPENDED, BREAKPOINT)
09:36:18.192 INFO: [TadState] TAD state changed: READY -> DEBUG_RESUMED (RESUMED, USER_REQUEST)
09:36:18.463 INFO: [TadState] TAD state changed: DEBUG_RESUMED -> READY (SUSPENDED, BREAKPOINT)
09:36:20.577 INFO: [TadState] TAD state changed: READY -> DEBUG_RESUMED (RESUMED, USER_REQUEST)
09:36:20.818 INFO: [TadState] TAD state changed: DEBUG_RESUMED -> READY (SUSPENDED, BREAKPOINT)
09:36:23.756 INFO: [TadState] TAD state changed: READY -> DEBUG_RESUMED (RESUMED, USER_REQUEST)
09:36:24.01 INFO: [TadState] TAD state changed: DEBUG_RESUMED -> READY (SUSPENDED, BREAKPOINT)
09:36:25.968 INFO: [TadState] TAD state changed: READY -> DEBUG_RESUMED (RESUMED, USER_REQUEST)
09:36:26.204 INFO: [TadState] TAD state changed: DEBUG_RESUMED -> READY (SUSPENDED, BREAKPOINT)
09:36:33.638 INFO: [TadState] TAD state changed: READY -> DEBUG_RESUMED (RESUMED, STEP)
09:36:34.299 INFO: [TadState] TAD state changed: DEBUG_RESUMED -> READY (SUSPENDED, STEP)
09:36:39.753 INFO: [TadState] TAD state changed: READY -> DEBUG_RESUMED (RESUMED, STEP)
09:36:40.83 INFO: [TadState] TAD state changed: DEBUG_RESUMED -> READY (SUSPENDED, STEP)
09:36:40.799 INFO: [TadState] TAD state changed: READY -> DEBUG_RESUMED (RESUMED, STEP)
09:36:41.741 INFO: [TadState] TAD state changed: DEBUG_RESUMED -> READY (SUSPENDED, STEP)
09:36:42.263 INFO: [TadState] TAD state changed: READY -> DEBUG_RESUMED (RESUMED, STEP)
09:36:42.578 INFO: [TadState] TAD state changed: DEBUG_RESUMED -> READY (SUSPENDED, STEP)
09:36:44.564 INFO: [TadState] TAD state changed: READY -> DEBUG_RESUMED (RESUMED, STEP)
09:36:44.999 INFO: [TadState] TAD state changed: DEBUG_RESUMED -> READY (SUSPENDED, STEP)
09:36:46.96 INFO: [TadState] TAD state changed: READY -> DEBUG_RESUMED (RESUMED, STEP)
09:36:46.433 INFO: [TadState] TAD state changed: DEBUG_RESUMED -> READY (SUSPENDED, STEP)
09:36:47.64 INFO: [TadState] TAD state changed: READY -> DEBUG_RESUMED (RESUMED, STEP)
09:36:47.934 INFO: [TadState] TAD state changed: DEBUG_RESUMED -> READY (SUSPENDED, STEP)
09:36:48.587 INFO: [TadState] TAD state changed: READY -> DEBUG_RESUMED (RESUMED, STEP)
09:36:48.932 INFO: [TadState] TAD state changed: DEBUG_RESUMED -> READY (SUSPENDED, STEP)
09:36:59.35 INFO: [TadState] TAD state changed: READY -> DEBUG_RESUMED (RESUMED, USER_REQUEST)
09:37:46.162 INFO: [TadState] TAD state changed: DEBUG_RESUMED -> READY (SUSPENDED, SIGNAL)
09:38:17.629 INFO: [TadModel] DSF session ID 9 has ended.
